app/build/intermediates/manifest_merge_blame_file/debug/manifest-merger-blame-debug-report.txt
1<?xml version="1.0" encoding="utf-8"?>
2<manifest xmlns:android="http://schemas.android.com/apk/res/android"
3    package="com.swapuniba.crowdpulse"
4    android:versionCode="1"
5    android:versionName="1.0" >
6
7    <uses-sdk
8        android:minSdkVersion="24"
8-->src\main\AndroidManifest.xml
9        android:targetSdkVersion="29" />
9-->src\main\AndroidManifest.xml
10
11    <uses-permission android:name="android.permission.INTERNET" />
11-->src\main\AndroidManifest.xml:6:5-67
11-->src\main\AndroidManifest.xml:6:22-64
12    <uses-permission android:name="android.permission.ACCESS_NETWORK_STATE" />
12-->src\main\AndroidManifest.xml:7:5-79
12-->src\main\AndroidManifest.xml:7:22-76
13    <uses-permission android:name="android.permission.ACCESS_WIFI_STATE" />
13-->src\main\AndroidManifest.xml:8:5-76
13-->src\main\AndroidManifest.xml:8:22-73
14    <uses-permission android:name="android.permission.ACCESS_COARSE_LOCATION" />
14-->src\main\AndroidManifest.xml:9:5-81
14-->src\main\AndroidManifest.xml:9:22-78
15    <uses-permission android:name="android.permission.ACCESS_FINE_LOCATION" />
15-->src\main\AndroidManifest.xml:10:5-79
15-->src\main\AndroidManifest.xml:10:22-76
16    <uses-permission android:name="android.permission.ACCESS_BACKGROUND_LOCATION" />
16-->src\main\AndroidManifest.xml:11:5-85
16-->src\main\AndroidManifest.xml:11:22-82
17    <uses-permission android:name="android.permission.GET_ACCOUNTS" />
17-->src\main\AndroidManifest.xml:12:5-71
17-->src\main\AndroidManifest.xml:12:22-68
18    <uses-permission android:name="android.permission.READ_CONTACTS" />
18-->src\main\AndroidManifest.xml:13:5-72
18-->src\main\AndroidManifest.xml:13:22-69
19    <uses-permission android:name="android.permission.READ_PHONE_STATE" />
19-->src\main\AndroidManifest.xml:14:5-75
19-->src\main\AndroidManifest.xml:14:22-72
20    <uses-permission android:name="android.permission.WAKE_LOCK" />
20-->src\main\AndroidManifest.xml:15:5-68
20-->src\main\AndroidManifest.xml:15:22-65
21    <uses-permission android:name="android.permission.PACKAGE_USAGE_STATS" />
21-->src\main\AndroidManifest.xml:16:5-18:47
21-->src\main\AndroidManifest.xml:17:9-62
22    <uses-permission android:name="android.permission.RECEIVE_BOOT_COMPLETED" />
22-->src\main\AndroidManifest.xml:19:5-81
22-->src\main\AndroidManifest.xml:19:22-78
23    <uses-permission android:name="com.google.android.gms.permission.ACTIVITY_RECOGNITION" />
23-->src\main\AndroidManifest.xml:20:5-94
23-->src\main\AndroidManifest.xml:20:22-91
24    <uses-permission android:name="android.permission.ACTIVITY_RECOGNITION" />
24-->src\main\AndroidManifest.xml:21:5-79
24-->src\main\AndroidManifest.xml:21:22-76
25    <uses-permission android:name="READ_PRIVILEGED_PHONE_STATE" />
25-->src\main\AndroidManifest.xml:22:5-66
25-->src\main\AndroidManifest.xml:22:22-64
26    <uses-permission android:name="android.permission.FOREGROUND_SERVICE" />
26-->[androidx.work:work-runtime:2.3.4] AndroidManifest.xml:28:5-77
26-->[androidx.work:work-runtime:2.3.4] AndroidManifest.xml:28:22-74
27
28    <application
28-->src\main\AndroidManifest.xml:24:5-93:19
29        android:name="com.swapuniba.crowdpulse.comunication.SocketApplication"
29-->src\main\AndroidManifest.xml:25:9-55
30        android:allowBackup="false"
30-->src\main\AndroidManifest.xml:26:9-36
31        android:appComponentFactory="androidx.core.app.CoreComponentFactory"
31-->[androidx.core:core:1.1.0] AndroidManifest.xml:24:18-86
32        android:debuggable="true"
33        android:icon="@mipmap/ic_launcher"
33-->src\main\AndroidManifest.xml:27:9-43
34        android:label="@string/app_name"
34-->src\main\AndroidManifest.xml:28:9-41
35        android:supportsRtl="true"
35-->src\main\AndroidManifest.xml:29:9-35
36        android:theme="@style/AppTheme"
36-->src\main\AndroidManifest.xml:30:9-40
37        android:usesCleartextTraffic="true" >
37-->src\main\AndroidManifest.xml:31:9-44
38        <activity
38-->src\main\AndroidManifest.xml:32:9-40:20
39            android:name="com.swapuniba.crowdpulse.main.ExplanationPermissions"
39-->src\main\AndroidManifest.xml:32:19-62
40            android:configChanges="keyboardHidden|orientation|screenSize"
40-->src\main\AndroidManifest.xml:33:13-74
41            android:label="@string/app_name" >
41-->src\main\AndroidManifest.xml:34:13-45
42            <intent-filter>
42-->src\main\AndroidManifest.xml:35:13-39:29
43                <action android:name="android.intent.action.MAIN" />
43-->src\main\AndroidManifest.xml:36:17-69
43-->src\main\AndroidManifest.xml:36:25-66
44
45                <category android:name="android.intent.category.LAUNCHER" />
45-->src\main\AndroidManifest.xml:38:17-77
45-->src\main\AndroidManifest.xml:38:27-74
46            </intent-filter>
47        </activity>
48        <activity android:name="com.swapuniba.crowdpulse.debug.DebugActivity2" />
48-->src\main\AndroidManifest.xml:41:9-58
48-->src\main\AndroidManifest.xml:41:19-55
49        <activity android:name="com.swapuniba.crowdpulse.debug.DebugActivity" />
49-->src\main\AndroidManifest.xml:42:9-57
49-->src\main\AndroidManifest.xml:42:19-54
50        <activity
50-->src\main\AndroidManifest.xml:43:9-47:20
51            android:name="com.swapuniba.crowdpulse.main.Intro"
51-->src\main\AndroidManifest.xml:44:13-39
52            android:configChanges="keyboardHidden|orientation|screenSize"
52-->src\main\AndroidManifest.xml:45:13-74
53            android:label="@string/app_name" >
53-->src\main\AndroidManifest.xml:46:13-45
54        </activity>
55        <activity
55-->src\main\AndroidManifest.xml:48:9-51:48
56            android:name="com.swapuniba.crowdpulse.main.SetIP"
56-->src\main\AndroidManifest.xml:49:13-39
57            android:configChanges="keyboardHidden|orientation|screenSize"
57-->src\main\AndroidManifest.xml:50:13-74
58            android:label="@string/app_name" />
58-->src\main\AndroidManifest.xml:51:13-45
59        <activity
59-->src\main\AndroidManifest.xml:52:9-55:48
60            android:name="com.swapuniba.crowdpulse.main.Login"
60-->src\main\AndroidManifest.xml:53:13-39
61            android:configChanges="keyboardHidden|orientation|screenSize"
61-->src\main\AndroidManifest.xml:54:13-74
62            android:label="@string/app_name" />
62-->src\main\AndroidManifest.xml:55:13-45
63        <activity
63-->src\main\AndroidManifest.xml:56:9-59:48
64            android:name="com.swapuniba.crowdpulse.main.Main"
64-->src\main\AndroidManifest.xml:57:13-38
65            android:configChanges="keyboardHidden|orientation|screenSize"
65-->src\main\AndroidManifest.xml:58:13-74
66            android:label="@string/app_name" />
66-->src\main\AndroidManifest.xml:59:13-45
67        <activity
67-->src\main\AndroidManifest.xml:60:9-64:52
68            android:name="com.swapuniba.crowdpulse.config.ControlPanel"
68-->src\main\AndroidManifest.xml:61:13-48
69            android:configChanges="orientation|keyboardHidden"
69-->src\main\AndroidManifest.xml:62:13-63
70            android:label="@string/app_name"
70-->src\main\AndroidManifest.xml:63:13-45
71            android:screenOrientation="portrait" />
71-->src\main\AndroidManifest.xml:64:13-49
72
73        <receiver android:name="com.swapuniba.crowdpulse.main.BackgroundService" />
73-->src\main\AndroidManifest.xml:66:9-60
73-->src\main\AndroidManifest.xml:66:19-57
74        <receiver android:name="com.swapuniba.crowdpulse.reactive.RestartApp" >
74-->src\main\AndroidManifest.xml:67:9-71:20
74-->src\main\AndroidManifest.xml:67:19-54
75            <intent-filter>
75-->src\main\AndroidManifest.xml:68:13-70:29
76                <action android:name="android.intent.action.BOOT_COMPLETED" />
76-->src\main\AndroidManifest.xml:69:17-79
76-->src\main\AndroidManifest.xml:69:25-76
77            </intent-filter>
78        </receiver>
79        <receiver
79-->src\main\AndroidManifest.xml:72:9-78:20
80            android:name="com.swapuniba.crowdpulse.handlers.GpsReceiver"
80-->src\main\AndroidManifest.xml:73:13-49
81            android:exported="true" >
81-->src\main\AndroidManifest.xml:74:13-36
82            <intent-filter>
82-->src\main\AndroidManifest.xml:75:13-77:29
83                <action android:name="com.swapuniba.crowdpulse.action.PROCESS_UPDATES" />
83-->src\main\AndroidManifest.xml:76:17-90
83-->src\main\AndroidManifest.xml:76:25-87
84            </intent-filter>
85        </receiver>
86        <receiver
86-->src\main\AndroidManifest.xml:79:9-86:20
87            android:name="com.swapuniba.crowdpulse.handlers.AtivityReceiver_v28"
87-->src\main\AndroidManifest.xml:80:13-57
88            android:exported="true"
88-->src\main\AndroidManifest.xml:81:13-36
89            android:permission="com.google.android.gms.permission.ACTIVITY_RECOGNITION" >
89-->src\main\AndroidManifest.xml:82:13-88
90            <intent-filter>
90-->src\main\AndroidManifest.xml:83:13-85:29
91                <action android:name="com.swapuniba.crowdpulse.TRANSITIONS_RECEIVER_ACTION" />
91-->src\main\AndroidManifest.xml:84:17-95
91-->src\main\AndroidManifest.xml:84:25-92
92            </intent-filter>
93        </receiver>
94
95        <service
95-->src\main\AndroidManifest.xml:88:9-92:72
96            android:name="com.swapuniba.crowdpulse.handlers.ActivityHandler"
96-->src\main\AndroidManifest.xml:89:13-53
97            android:enabled="true"
97-->src\main\AndroidManifest.xml:90:13-35
98            android:label="ActivityHandler"
98-->src\main\AndroidManifest.xml:91:13-44
99            android:permission="android.permission.BIND_JOB_SERVICE" />
99-->src\main\AndroidManifest.xml:92:13-69
100
101        <provider
101-->[androidx.work:work-runtime:2.3.4] AndroidManifest.xml:31:9-37:35
102            android:name="androidx.work.impl.WorkManagerInitializer"
102-->[androidx.work:work-runtime:2.3.4] AndroidManifest.xml:32:13-69
103            android:authorities="com.swapuniba.crowdpulse.workmanager-init"
103-->[androidx.work:work-runtime:2.3.4] AndroidManifest.xml:33:13-68
104            android:directBootAware="false"
104-->[androidx.work:work-runtime:2.3.4] AndroidManifest.xml:34:13-44
105            android:exported="false"
105-->[androidx.work:work-runtime:2.3.4] AndroidManifest.xml:35:13-37
106            android:multiprocess="true" />
106-->[androidx.work:work-runtime:2.3.4] AndroidManifest.xml:36:13-40
107
108        <service
108-->[androidx.work:work-runtime:2.3.4] AndroidManifest.xml:39:9-44:35
109            android:name="androidx.work.impl.background.systemalarm.SystemAlarmService"
109-->[androidx.work:work-runtime:2.3.4] AndroidManifest.xml:40:13-88
110            android:directBootAware="false"
110-->[androidx.work:work-runtime:2.3.4] AndroidManifest.xml:41:13-44
111            android:enabled="@bool/enable_system_alarm_service_default"
111-->[androidx.work:work-runtime:2.3.4] AndroidManifest.xml:42:13-72
112            android:exported="false" />
112-->[androidx.work:work-runtime:2.3.4] AndroidManifest.xml:43:13-37
113        <service
113-->[androidx.work:work-runtime:2.3.4] AndroidManifest.xml:45:9-51:35
114            android:name="androidx.work.impl.background.systemjob.SystemJobService"
114-->[androidx.work:work-runtime:2.3.4] AndroidManifest.xml:46:13-84
115            android:directBootAware="false"
115-->[androidx.work:work-runtime:2.3.4] AndroidManifest.xml:47:13-44
116            android:enabled="@bool/enable_system_job_service_default"
116-->[androidx.work:work-runtime:2.3.4] AndroidManifest.xml:48:13-70
117            android:exported="true"
117-->[androidx.work:work-runtime:2.3.4] AndroidManifest.xml:49:13-36
118            android:permission="android.permission.BIND_JOB_SERVICE" />
118-->[androidx.work:work-runtime:2.3.4] AndroidManifest.xml:50:13-69
119        <service
119-->[androidx.work:work-runtime:2.3.4] AndroidManifest.xml:52:9-57:35
120            android:name="androidx.work.impl.foreground.SystemForegroundService"
120-->[androidx.work:work-runtime:2.3.4] AndroidManifest.xml:53:13-81
121            android:directBootAware="false"
121-->[androidx.work:work-runtime:2.3.4] AndroidManifest.xml:54:13-44
122            android:enabled="@bool/enable_system_foreground_service_default"
122-->[androidx.work:work-runtime:2.3.4] AndroidManifest.xml:55:13-77
123            android:exported="false" />
123-->[androidx.work:work-runtime:2.3.4] AndroidManifest.xml:56:13-37
124
125        <receiver
125-->[androidx.work:work-runtime:2.3.4] AndroidManifest.xml:59:9-64:35
126            android:name="androidx.work.impl.utils.ForceStopRunnable$BroadcastReceiver"
126-->[androidx.work:work-runtime:2.3.4] AndroidManifest.xml:60:13-88
127            android:directBootAware="false"
127-->[androidx.work:work-runtime:2.3.4] AndroidManifest.xml:61:13-44
128            android:enabled="true"
128-->[androidx.work:work-runtime:2.3.4] AndroidManifest.xml:62:13-35
129            android:exported="false" />
129-->[androidx.work:work-runtime:2.3.4] AndroidManifest.xml:63:13-37
130        <receiver
130-->[androidx.work:work-runtime:2.3.4] AndroidManifest.xml:65:9-75:20
131            android:name="androidx.work.impl.background.systemalarm.ConstraintProxy$BatteryChargingProxy"
131-->[androidx.work:work-runtime:2.3.4] AndroidManifest.xml:66:13-106
132            android:directBootAware="false"
132-->[androidx.work:work-runtime:2.3.4] AndroidManifest.xml:67:13-44
133            android:enabled="false"
133-->[androidx.work:work-runtime:2.3.4] AndroidManifest.xml:68:13-36
134            android:exported="false" >
134-->[androidx.work:work-runtime:2.3.4] AndroidManifest.xml:69:13-37
135            <intent-filter>
135-->[androidx.work:work-runtime:2.3.4] AndroidManifest.xml:71:13-74:29
136                <action android:name="android.intent.action.ACTION_POWER_CONNECTED" />
136-->[androidx.work:work-runtime:2.3.4] AndroidManifest.xml:72:17-87
136-->[androidx.work:work-runtime:2.3.4] AndroidManifest.xml:72:25-84
137                <action android:name="android.intent.action.ACTION_POWER_DISCONNECTED" />
137-->[androidx.work:work-runtime:2.3.4] AndroidManifest.xml:73:17-90
137-->[androidx.work:work-runtime:2.3.4] AndroidManifest.xml:73:25-87
138            </intent-filter>
139        </receiver>
140        <receiver
140-->[androidx.work:work-runtime:2.3.4] AndroidManifest.xml:76:9-86:20
141            android:name="androidx.work.impl.background.systemalarm.ConstraintProxy$BatteryNotLowProxy"
141-->[androidx.work:work-runtime:2.3.4] AndroidManifest.xml:77:13-104
142            android:directBootAware="false"
142-->[androidx.work:work-runtime:2.3.4] AndroidManifest.xml:78:13-44
143            android:enabled="false"
143-->[androidx.work:work-runtime:2.3.4] AndroidManifest.xml:79:13-36
144            android:exported="false" >
144-->[androidx.work:work-runtime:2.3.4] AndroidManifest.xml:80:13-37
145            <intent-filter>
145-->[androidx.work:work-runtime:2.3.4] AndroidManifest.xml:82:13-85:29
146                <action android:name="android.intent.action.BATTERY_OKAY" />
146-->[androidx.work:work-runtime:2.3.4] AndroidManifest.xml:83:17-77
146-->[androidx.work:work-runtime:2.3.4] AndroidManifest.xml:83:25-74
147                <action android:name="android.intent.action.BATTERY_LOW" />
147-->[androidx.work:work-runtime:2.3.4] AndroidManifest.xml:84:17-76
147-->[androidx.work:work-runtime:2.3.4] AndroidManifest.xml:84:25-73
148            </intent-filter>
149        </receiver>
150        <receiver
150-->[androidx.work:work-runtime:2.3.4] AndroidManifest.xml:87:9-97:20
151            android:name="androidx.work.impl.background.systemalarm.ConstraintProxy$StorageNotLowProxy"
151-->[androidx.work:work-runtime:2.3.4] AndroidManifest.xml:88:13-104
152            android:directBootAware="false"
152-->[androidx.work:work-runtime:2.3.4] AndroidManifest.xml:89:13-44
153            android:enabled="false"
153-->[androidx.work:work-runtime:2.3.4] AndroidManifest.xml:90:13-36
154            android:exported="false" >
154-->[androidx.work:work-runtime:2.3.4] AndroidManifest.xml:91:13-37
155            <intent-filter>
155-->[androidx.work:work-runtime:2.3.4] AndroidManifest.xml:93:13-96:29
156                <action android:name="android.intent.action.DEVICE_STORAGE_LOW" />
156-->[androidx.work:work-runtime:2.3.4] AndroidManifest.xml:94:17-83
156-->[androidx.work:work-runtime:2.3.4] AndroidManifest.xml:94:25-80
157                <action android:name="android.intent.action.DEVICE_STORAGE_OK" />
157-->[androidx.work:work-runtime:2.3.4] AndroidManifest.xml:95:17-82
157-->[androidx.work:work-runtime:2.3.4] AndroidManifest.xml:95:25-79
158            </intent-filter>
159        </receiver>
160        <receiver
160-->[androidx.work:work-runtime:2.3.4] AndroidManifest.xml:98:9-107:20
161            android:name="androidx.work.impl.background.systemalarm.ConstraintProxy$NetworkStateProxy"
161-->[androidx.work:work-runtime:2.3.4] AndroidManifest.xml:99:13-103
162            android:directBootAware="false"
162-->[androidx.work:work-runtime:2.3.4] AndroidManifest.xml:100:13-44
163            android:enabled="false"
163-->[androidx.work:work-runtime:2.3.4] AndroidManifest.xml:101:13-36
164            android:exported="false" >
164-->[androidx.work:work-runtime:2.3.4] AndroidManifest.xml:102:13-37
165            <intent-filter>
165-->[androidx.work:work-runtime:2.3.4] AndroidManifest.xml:104:13-106:29
166                <action android:name="android.net.conn.CONNECTIVITY_CHANGE" />
166-->[androidx.work:work-runtime:2.3.4] AndroidManifest.xml:105:17-79
166-->[androidx.work:work-runtime:2.3.4] AndroidManifest.xml:105:25-76
167            </intent-filter>
168        </receiver>
169        <receiver
169-->[androidx.work:work-runtime:2.3.4] AndroidManifest.xml:108:9-119:20
170            android:name="androidx.work.impl.background.systemalarm.RescheduleReceiver"
170-->[androidx.work:work-runtime:2.3.4] AndroidManifest.xml:109:13-88
171            android:directBootAware="false"
171-->[androidx.work:work-runtime:2.3.4] AndroidManifest.xml:110:13-44
172            android:enabled="false"
172-->[androidx.work:work-runtime:2.3.4] AndroidManifest.xml:111:13-36
173            android:exported="false" >
173-->[androidx.work:work-runtime:2.3.4] AndroidManifest.xml:112:13-37
174            <intent-filter>
174-->[androidx.work:work-runtime:2.3.4] AndroidManifest.xml:114:13-118:29
175                <action android:name="android.intent.action.BOOT_COMPLETED" />
175-->src\main\AndroidManifest.xml:69:17-79
175-->src\main\AndroidManifest.xml:69:25-76
176                <action android:name="android.intent.action.TIME_SET" />
176-->[androidx.work:work-runtime:2.3.4] AndroidManifest.xml:116:17-73
176-->[androidx.work:work-runtime:2.3.4] AndroidManifest.xml:116:25-70
177                <action android:name="android.intent.action.TIMEZONE_CHANGED" />
177-->[androidx.work:work-runtime:2.3.4] AndroidManifest.xml:117:17-81
177-->[androidx.work:work-runtime:2.3.4] AndroidManifest.xml:117:25-78
178            </intent-filter>
179        </receiver>
180        <receiver
180-->[androidx.work:work-runtime:2.3.4] AndroidManifest.xml:120:9-129:20
181            android:name="androidx.work.impl.background.systemalarm.ConstraintProxyUpdateReceiver"
181-->[androidx.work:work-runtime:2.3.4] AndroidManifest.xml:121:13-99
182            android:directBootAware="false"
182-->[androidx.work:work-runtime:2.3.4] AndroidManifest.xml:122:13-44
183            android:enabled="@bool/enable_system_alarm_service_default"
183-->[androidx.work:work-runtime:2.3.4] AndroidManifest.xml:123:13-72
184            android:exported="false" >
184-->[androidx.work:work-runtime:2.3.4] AndroidManifest.xml:124:13-37
185            <intent-filter>
185-->[androidx.work:work-runtime:2.3.4] AndroidManifest.xml:126:13-128:29
186                <action android:name="androidx.work.impl.background.systemalarm.UpdateProxies" />
186-->[androidx.work:work-runtime:2.3.4] AndroidManifest.xml:127:17-98
186-->[androidx.work:work-runtime:2.3.4] AndroidManifest.xml:127:25-95
187            </intent-filter>
188        </receiver>
189
190        <activity
190-->[com.google.android.gms:play-services-base:17.0.0] AndroidManifest.xml:23:9-26:75
191            android:name="com.google.android.gms.common.api.GoogleApiActivity"
191-->[com.google.android.gms:play-services-base:17.0.0] AndroidManifest.xml:24:13-79
192            android:exported="false"
192-->[com.google.android.gms:play-services-base:17.0.0] AndroidManifest.xml:25:13-37
193            android:theme="@android:style/Theme.Translucent.NoTitleBar" />
193-->[com.google.android.gms:play-services-base:17.0.0] AndroidManifest.xml:26:13-72
194
195        <meta-data
195-->[com.google.android.gms:play-services-basement:17.0.0] AndroidManifest.xml:23:9-25:69
196            android:name="com.google.android.gms.version"
196-->[com.google.android.gms:play-services-basement:17.0.0] AndroidManifest.xml:24:13-58
197            android:value="@integer/google_play_services_version" />
197-->[com.google.android.gms:play-services-basement:17.0.0] AndroidManifest.xml:25:13-66
198
199        <service
199-->[androidx.room:room-runtime:2.2.3] AndroidManifest.xml:25:9-27:40
200            android:name="androidx.room.MultiInstanceInvalidationService"
200-->[androidx.room:room-runtime:2.2.3] AndroidManifest.xml:26:13-74
201            android:exported="false" />
201-->[androidx.room:room-runtime:2.2.3] AndroidManifest.xml:27:13-37
202    </application>
203
204</manifest>